<?xml version="1.0" encoding="UTF-8"?>
<!-- Generated by org.testng.reporters.JUnitReportReporter -->
<testsuite skipped="0" hostname="intel-PC" name="com.mercurynewtours.tests.UserRegistration_Test" tests="1" failures="0" timestamp="15 Feb 2018 11:07:44 GMT" time="26.647" errors="0">
  <testcase name="userRegistration" time="26.647" classname="com.mercurynewtours.tests.UserRegistration_Test"/>
</testsuite> <!-- com.mercurynewtours.tests.UserRegistration_Test -->
