<?xml version="1.0" encoding="UTF-8"?>
<!-- Generated by org.testng.reporters.JUnitReportReporter -->
<testsuite skipped="0" hostname="intel-PC" name="com.mercurynewtours.tests.Validsignin_Test" tests="1" failures="0" timestamp="15 Feb 2018 10:45:40 GMT" time="37.284" errors="0">
  <testcase name="signIn" time="37.284" classname="com.mercurynewtours.tests.Validsignin_Test"/>
</testsuite> <!-- com.mercurynewtours.tests.Validsignin_Test -->
